python prepro.py --input_train_json /path/to/data/vqa_raw_train.json --input_test_json /path/to/data/vqa_raw_test.json --num_ans 1000
parsed input parameters:
{
  "input_train_json": "/path/to/data/vqa_raw_train.json", 
  "num_ans": 1000, 
  "input_test_json": "/path/to/data/vqa_raw_test.json", 
  "batch_size": 10, 
  "word_count_threshold": 0, 
  "max_length": 26, 
  "output_h5": "data_prepro.h5", 
  "num_test": 0, 
  "output_json": "data_prepro.json", 
  "token_method": "nltk"
}
top answer and their counts:
(84978, u'yes')
(82516, u'no')
(12540, u'1')
(12215, u'2')
(8916, u'white')
(6536, u'3')
(5455, u'blue')
(5201, u'red')
(5066, u'black')
(4977, u'0')
(4118, u'4')
(3814, u'brown')
(3750, u'green')
(2792, u'yellow')
(2367, u'5')
(2113, u'gray')
(1814, u'nothing')
(1766, u'right')
(1641, u'frisbee')
(1597, u'baseball')
question number reduce from 443757 to 388158 
example processed tokens:
['is', 'this', 'a', 'civilian', 'aircraft', '?']
processing 0/388158 (0.00% done)   
['what', 'kind', 'of', 'food', 'is', 'white', 'and', 'yellow', '?']
['what', 'fruit', 'is', 'shown', '?']
['what', 'is', 'the', 'man', 'doing', '?']
['is', 'he', 'dressed', 'to', 'play', 'basketball', '?']
['what', 'kind', 'of', 'animal', 'is', 'this', '?']
['how', 'many', 'planes', 'are', 'on', 'the', 'ground', '?']
['what', 'is', 'in', 'the', 'glasses', '?']
['is', 'it', 'a', 'sunny', 'day', '?']
['are', 'there', 'many', 'people', 'on', 'the', 'beach', '?']
processing 1000/388158 (0.26% done)   
processing 2000/388158 (0.52% done)   
processing 3000/388158 (0.77% done)   
processing 4000/388158 (1.03% done)   
processing 5000/388158 (1.29% done)   
processing 6000/388158 (1.55% done)   
processing 7000/388158 (1.80% done)   
processing 8000/388158 (2.06% done)   
processing 9000/388158 (2.32% done)   
processing 10000/388158 (2.58% done)   
processing 11000/388158 (2.83% done)   
processing 12000/388158 (3.09% done)   
processing 13000/388158 (3.35% done)   
processing 14000/388158 (3.61% done)   
processing 15000/388158 (3.86% done)   
processing 16000/388158 (4.12% done)   
processing 17000/388158 (4.38% done)   
processing 18000/388158 (4.64% done)   
processing 19000/388158 (4.89% done)   
processing 20000/388158 (5.15% done)   
processing 21000/388158 (5.41% done)   
processing 22000/388158 (5.67% done)   
processing 23000/388158 (5.93% done)   
processing 24000/388158 (6.18% done)   
processing 25000/388158 (6.44% done)   
processing 26000/388158 (6.70% done)   
processing 27000/388158 (6.96% done)   
processing 28000/388158 (7.21% done)   
processing 29000/388158 (7.47% done)   
processing 30000/388158 (7.73% done)   
processing 31000/388158 (7.99% done)   
processing 32000/388158 (8.24% done)   
processing 33000/388158 (8.50% done)   
processing 34000/388158 (8.76% done)   
processing 35000/388158 (9.02% done)   
processing 36000/388158 (9.27% done)   
processing 37000/388158 (9.53% done)   
processing 38000/388158 (9.79% done)   
processing 39000/388158 (10.05% done)   
processing 40000/388158 (10.31% done)   
processing 41000/388158 (10.56% done)   
processing 42000/388158 (10.82% done)   
processing 43000/388158 (11.08% done)   
processing 44000/388158 (11.34% done)   
processing 45000/388158 (11.59% done)   
processing 46000/388158 (11.85% done)   
processing 47000/388158 (12.11% done)   
processing 48000/388158 (12.37% done)   
processing 49000/388158 (12.62% done)   
processing 50000/388158 (12.88% done)   
processing 51000/388158 (13.14% done)   
processing 52000/388158 (13.40% done)   
processing 53000/388158 (13.65% done)   
processing 54000/388158 (13.91% done)   
processing 55000/388158 (14.17% done)   
processing 56000/388158 (14.43% done)   
processing 57000/388158 (14.68% done)   
processing 58000/388158 (14.94% done)   
processing 59000/388158 (15.20% done)   
processing 60000/388158 (15.46% done)   
processing 61000/388158 (15.72% done)   
processing 62000/388158 (15.97% done)   
processing 63000/388158 (16.23% done)   
processing 64000/388158 (16.49% done)   
processing 65000/388158 (16.75% done)   
processing 66000/388158 (17.00% done)   
processing 67000/388158 (17.26% done)   
processing 68000/388158 (17.52% done)   
processing 69000/388158 (17.78% done)   
processing 70000/388158 (18.03% done)   
processing 71000/388158 (18.29% done)   
processing 72000/388158 (18.55% done)   
processing 73000/388158 (18.81% done)   
processing 74000/388158 (19.06% done)   
processing 75000/388158 (19.32% done)   
processing 76000/388158 (19.58% done)   
processing 77000/388158 (19.84% done)   
processing 78000/388158 (20.09% done)   
processing 79000/388158 (20.35% done)   
processing 80000/388158 (20.61% done)   
processing 81000/388158 (20.87% done)   
processing 82000/388158 (21.13% done)   
processing 83000/388158 (21.38% done)   
processing 84000/388158 (21.64% done)   
processing 85000/388158 (21.90% done)   
processing 86000/388158 (22.16% done)   
processing 87000/388158 (22.41% done)   
processing 88000/388158 (22.67% done)   
processing 89000/388158 (22.93% done)   
processing 90000/388158 (23.19% done)   
processing 91000/388158 (23.44% done)   
processing 92000/388158 (23.70% done)   
processing 93000/388158 (23.96% done)   
processing 94000/388158 (24.22% done)   
processing 95000/388158 (24.47% done)   
processing 96000/388158 (24.73% done)   
processing 97000/388158 (24.99% done)   
processing 98000/388158 (25.25% done)   
processing 99000/388158 (25.51% done)   
processing 100000/388158 (25.76% done)   
processing 101000/388158 (26.02% done)   
processing 102000/388158 (26.28% done)   
processing 103000/388158 (26.54% done)   
processing 104000/388158 (26.79% done)   
processing 105000/388158 (27.05% done)   
processing 106000/388158 (27.31% done)   
processing 107000/388158 (27.57% done)   
processing 108000/388158 (27.82% done)   
processing 109000/388158 (28.08% done)   
processing 110000/388158 (28.34% done)   
processing 111000/388158 (28.60% done)   
processing 112000/388158 (28.85% done)   
processing 113000/388158 (29.11% done)   
processing 114000/388158 (29.37% done)   
processing 115000/388158 (29.63% done)   
processing 116000/388158 (29.88% done)   
processing 117000/388158 (30.14% done)   
processing 118000/388158 (30.40% done)   
processing 119000/388158 (30.66% done)   
processing 120000/388158 (30.92% done)   
processing 121000/388158 (31.17% done)   
processing 122000/388158 (31.43% done)   
processing 123000/388158 (31.69% done)   
processing 124000/388158 (31.95% done)   
processing 125000/388158 (32.20% done)   
processing 126000/388158 (32.46% done)   
processing 127000/388158 (32.72% done)   
processing 128000/388158 (32.98% done)   
processing 129000/388158 (33.23% done)   
processing 130000/388158 (33.49% done)   
processing 131000/388158 (33.75% done)   
processing 132000/388158 (34.01% done)   
processing 133000/388158 (34.26% done)   
processing 134000/388158 (34.52% done)   
processing 135000/388158 (34.78% done)   
processing 136000/388158 (35.04% done)   
processing 137000/388158 (35.29% done)   
processing 138000/388158 (35.55% done)   
processing 139000/388158 (35.81% done)   
processing 140000/388158 (36.07% done)   
processing 141000/388158 (36.33% done)   
processing 142000/388158 (36.58% done)   
processing 143000/388158 (36.84% done)   
processing 144000/388158 (37.10% done)   
processing 145000/388158 (37.36% done)   
processing 146000/388158 (37.61% done)   
processing 147000/388158 (37.87% done)   
processing 148000/388158 (38.13% done)   
processing 149000/388158 (38.39% done)   
processing 150000/388158 (38.64% done)   
processing 151000/388158 (38.90% done)   
processing 152000/388158 (39.16% done)   
processing 153000/388158 (39.42% done)   
processing 154000/388158 (39.67% done)   
processing 155000/388158 (39.93% done)   
processing 156000/388158 (40.19% done)   
processing 157000/388158 (40.45% done)   
processing 158000/388158 (40.71% done)   
processing 159000/388158 (40.96% done)   
processing 160000/388158 (41.22% done)   
processing 161000/388158 (41.48% done)   
processing 162000/388158 (41.74% done)   
processing 163000/388158 (41.99% done)   
processing 164000/388158 (42.25% done)   
processing 165000/388158 (42.51% done)   
processing 166000/388158 (42.77% done)   
processing 167000/388158 (43.02% done)   
processing 168000/388158 (43.28% done)   
processing 169000/388158 (43.54% done)   
processing 170000/388158 (43.80% done)   
processing 171000/388158 (44.05% done)   
processing 172000/388158 (44.31% done)   
processing 173000/388158 (44.57% done)   
processing 174000/388158 (44.83% done)   
processing 175000/388158 (45.08% done)   
processing 176000/388158 (45.34% done)   
processing 177000/388158 (45.60% done)   
processing 178000/388158 (45.86% done)   
processing 179000/388158 (46.12% done)   
processing 180000/388158 (46.37% done)   
processing 181000/388158 (46.63% done)   
processing 182000/388158 (46.89% done)   
processing 183000/388158 (47.15% done)   
processing 184000/388158 (47.40% done)   
processing 185000/388158 (47.66% done)   
processing 186000/388158 (47.92% done)   
processing 187000/388158 (48.18% done)   
processing 188000/388158 (48.43% done)   
processing 189000/388158 (48.69% done)   
processing 190000/388158 (48.95% done)   
processing 191000/388158 (49.21% done)   
processing 192000/388158 (49.46% done)   
processing 193000/388158 (49.72% done)   
processing 194000/388158 (49.98% done)   
processing 195000/388158 (50.24% done)   
processing 196000/388158 (50.49% done)   
processing 197000/388158 (50.75% done)   
processing 198000/388158 (51.01% done)   
processing 199000/388158 (51.27% done)   
processing 200000/388158 (51.53% done)   
processing 201000/388158 (51.78% done)   
processing 202000/388158 (52.04% done)   
processing 203000/388158 (52.30% done)   
processing 204000/388158 (52.56% done)   
processing 205000/388158 (52.81% done)   
processing 206000/388158 (53.07% done)   
processing 207000/388158 (53.33% done)   
processing 208000/388158 (53.59% done)   
processing 209000/388158 (53.84% done)   
processing 210000/388158 (54.10% done)   
processing 211000/388158 (54.36% done)   
processing 212000/388158 (54.62% done)   
processing 213000/388158 (54.87% done)   
processing 214000/388158 (55.13% done)   
processing 215000/388158 (55.39% done)   
processing 216000/388158 (55.65% done)   
processing 217000/388158 (55.91% done)   
processing 218000/388158 (56.16% done)   
processing 219000/388158 (56.42% done)   
processing 220000/388158 (56.68% done)   
processing 221000/388158 (56.94% done)   
processing 222000/388158 (57.19% done)   
processing 223000/388158 (57.45% done)   
processing 224000/388158 (57.71% done)   
processing 225000/388158 (57.97% done)   
processing 226000/388158 (58.22% done)   
processing 227000/388158 (58.48% done)   
processing 228000/388158 (58.74% done)   
processing 229000/388158 (59.00% done)   
processing 230000/388158 (59.25% done)   
processing 231000/388158 (59.51% done)   
processing 232000/388158 (59.77% done)   
processing 233000/388158 (60.03% done)   
processing 234000/388158 (60.28% done)   
processing 235000/388158 (60.54% done)   
processing 236000/388158 (60.80% done)   
processing 237000/388158 (61.06% done)   
processing 238000/388158 (61.32% done)   
processing 239000/388158 (61.57% done)   
processing 240000/388158 (61.83% done)   
processing 241000/388158 (62.09% done)   
processing 242000/388158 (62.35% done)   
processing 243000/388158 (62.60% done)   
processing 244000/388158 (62.86% done)   
processing 245000/388158 (63.12% done)   
processing 246000/388158 (63.38% done)   
processing 247000/388158 (63.63% done)   
processing 248000/388158 (63.89% done)   
processing 249000/388158 (64.15% done)   
processing 250000/388158 (64.41% done)   
processing 251000/388158 (64.66% done)   
processing 252000/388158 (64.92% done)   
processing 253000/388158 (65.18% done)   
processing 254000/388158 (65.44% done)   
processing 255000/388158 (65.69% done)   
processing 256000/388158 (65.95% done)   
processing 257000/388158 (66.21% done)   
processing 258000/388158 (66.47% done)   
processing 259000/388158 (66.73% done)   
processing 260000/388158 (66.98% done)   
processing 261000/388158 (67.24% done)   
processing 262000/388158 (67.50% done)   
processing 263000/388158 (67.76% done)   
processing 264000/388158 (68.01% done)   
processing 265000/388158 (68.27% done)   
processing 266000/388158 (68.53% done)   
processing 267000/388158 (68.79% done)   
processing 268000/388158 (69.04% done)   
processing 269000/388158 (69.30% done)   
processing 270000/388158 (69.56% done)   
processing 271000/388158 (69.82% done)   
processing 272000/388158 (70.07% done)   
processing 273000/388158 (70.33% done)   
processing 274000/388158 (70.59% done)   
processing 275000/388158 (70.85% done)   
processing 276000/388158 (71.11% done)   
processing 277000/388158 (71.36% done)   
processing 278000/388158 (71.62% done)   
processing 279000/388158 (71.88% done)   
processing 280000/388158 (72.14% done)   
processing 281000/388158 (72.39% done)   
processing 282000/388158 (72.65% done)   
processing 283000/388158 (72.91% done)   
processing 284000/388158 (73.17% done)   
processing 285000/388158 (73.42% done)   
processing 286000/388158 (73.68% done)   
processing 287000/388158 (73.94% done)   
processing 288000/388158 (74.20% done)   
processing 289000/388158 (74.45% done)   
processing 290000/388158 (74.71% done)   
processing 291000/388158 (74.97% done)   
processing 292000/388158 (75.23% done)   
processing 293000/388158 (75.48% done)   
processing 294000/388158 (75.74% done)   
processing 295000/388158 (76.00% done)   
processing 296000/388158 (76.26% done)   
processing 297000/388158 (76.52% done)   
processing 298000/388158 (76.77% done)   
processing 299000/388158 (77.03% done)   
processing 300000/388158 (77.29% done)   
processing 301000/388158 (77.55% done)   
processing 302000/388158 (77.80% done)   
processing 303000/388158 (78.06% done)   
processing 304000/388158 (78.32% done)   
processing 305000/388158 (78.58% done)   
processing 306000/388158 (78.83% done)   
processing 307000/388158 (79.09% done)   
processing 308000/388158 (79.35% done)   
processing 309000/388158 (79.61% done)   
processing 310000/388158 (79.86% done)   
processing 311000/388158 (80.12% done)   
processing 312000/388158 (80.38% done)   
processing 313000/388158 (80.64% done)   
processing 314000/388158 (80.89% done)   
processing 315000/388158 (81.15% done)   
processing 316000/388158 (81.41% done)   
processing 317000/388158 (81.67% done)   
processing 318000/388158 (81.93% done)   
processing 319000/388158 (82.18% done)   
processing 320000/388158 (82.44% done)   
processing 321000/388158 (82.70% done)   
processing 322000/388158 (82.96% done)   
processing 323000/388158 (83.21% done)   
processing 324000/388158 (83.47% done)   
processing 325000/388158 (83.73% done)   
processing 326000/388158 (83.99% done)   
processing 327000/388158 (84.24% done)   
processing 328000/388158 (84.50% done)   
processing 329000/388158 (84.76% done)   
processing 330000/388158 (85.02% done)   
processing 331000/388158 (85.27% done)   
processing 332000/388158 (85.53% done)   
processing 333000/388158 (85.79% done)   
processing 334000/388158 (86.05% done)   
processing 335000/388158 (86.31% done)   
processing 336000/388158 (86.56% done)   
processing 337000/388158 (86.82% done)   
processing 338000/388158 (87.08% done)   
processing 339000/388158 (87.34% done)   
processing 340000/388158 (87.59% done)   
processing 341000/388158 (87.85% done)   
processing 342000/388158 (88.11% done)   
processing 343000/388158 (88.37% done)   
processing 344000/388158 (88.62% done)   
processing 345000/388158 (88.88% done)   
processing 346000/388158 (89.14% done)   
processing 347000/388158 (89.40% done)   
processing 348000/388158 (89.65% done)   
processing 349000/388158 (89.91% done)   
processing 350000/388158 (90.17% done)   
processing 351000/388158 (90.43% done)   
processing 352000/388158 (90.68% done)   
processing 353000/388158 (90.94% done)   
processing 354000/388158 (91.20% done)   
processing 355000/388158 (91.46% done)   
processing 356000/388158 (91.72% done)   
processing 357000/388158 (91.97% done)   
processing 358000/388158 (92.23% done)   
processing 359000/388158 (92.49% done)   
processing 360000/388158 (92.75% done)   
processing 361000/388158 (93.00% done)   
processing 362000/388158 (93.26% done)   
processing 363000/388158 (93.52% done)   
processing 364000/388158 (93.78% done)   
processing 365000/388158 (94.03% done)   
processing 366000/388158 (94.29% done)   
processing 367000/388158 (94.55% done)   
processing 368000/388158 (94.81% done)   
processing 369000/388158 (95.06% done)   
processing 370000/388158 (95.32% done)   
processing 371000/388158 (95.58% done)   
processing 372000/388158 (95.84% done)   
processing 373000/388158 (96.09% done)   
processing 374000/388158 (96.35% done)   
processing 375000/388158 (96.61% done)   
processing 376000/388158 (96.87% done)   
processing 377000/388158 (97.13% done)   
processing 378000/388158 (97.38% done)   
processing 379000/388158 (97.64% done)   
processing 380000/388158 (97.90% done)   
processing 381000/388158 (98.16% done)   
processing 382000/388158 (98.41% done)   
processing 383000/388158 (98.67% done)   
processing 384000/388158 (98.93% done)   
processing 385000/388158 (99.19% done)   
processing 386000/388158 (99.44% done)   
processing 387000/388158 (99.70% done)   
processing 388000/388158 (99.96% done)   
example processed tokens:
['where', 'is', 'he', 'looking', '?']
processing 0/214354 (0.00% done)   
['what', 'are', 'the', 'people', 'in', 'the', 'background', 'doing', '?']
['what', 'is', 'he', 'on', 'top', 'of', '?']
['what', 'website', 'copyrighted', 'the', 'picture', '?']
['is', 'this', 'a', 'creamy', 'soup', '?']
['is', 'this', 'rice', 'noodle', 'soup', '?']
['what', 'is', 'to', 'the', 'right', 'of', 'the', 'soup', '?']
['what', 'is', 'the', 'man', 'doing', 'in', 'the', 'street', '?']
['how', 'many', 'photo', "'s", 'can', 'you', 'see', '?']
['what', 'does', 'the', 'truck', 'on', 'the', 'left', 'sell', '?']
processing 1000/214354 (0.47% done)   
processing 2000/214354 (0.93% done)   
processing 3000/214354 (1.40% done)   
processing 4000/214354 (1.87% done)   
processing 5000/214354 (2.33% done)   
processing 6000/214354 (2.80% done)   
processing 7000/214354 (3.27% done)   
processing 8000/214354 (3.73% done)   
processing 9000/214354 (4.20% done)   
processing 10000/214354 (4.67% done)   
processing 11000/214354 (5.13% done)   
processing 12000/214354 (5.60% done)   
processing 13000/214354 (6.06% done)   
processing 14000/214354 (6.53% done)   
processing 15000/214354 (7.00% done)   
processing 16000/214354 (7.46% done)   
processing 17000/214354 (7.93% done)   
processing 18000/214354 (8.40% done)   
processing 19000/214354 (8.86% done)   
processing 20000/214354 (9.33% done)   
processing 21000/214354 (9.80% done)   
processing 22000/214354 (10.26% done)   
processing 23000/214354 (10.73% done)   
processing 24000/214354 (11.20% done)   
processing 25000/214354 (11.66% done)   
processing 26000/214354 (12.13% done)   
processing 27000/214354 (12.60% done)   
processing 28000/214354 (13.06% done)   
processing 29000/214354 (13.53% done)   
processing 30000/214354 (14.00% done)   
processing 31000/214354 (14.46% done)   
processing 32000/214354 (14.93% done)   
processing 33000/214354 (15.40% done)   
processing 34000/214354 (15.86% done)   
processing 35000/214354 (16.33% done)   
processing 36000/214354 (16.79% done)   
processing 37000/214354 (17.26% done)   
processing 38000/214354 (17.73% done)   
processing 39000/214354 (18.19% done)   
processing 40000/214354 (18.66% done)   
processing 41000/214354 (19.13% done)   
processing 42000/214354 (19.59% done)   
processing 43000/214354 (20.06% done)   
processing 44000/214354 (20.53% done)   
processing 45000/214354 (20.99% done)   
processing 46000/214354 (21.46% done)   
processing 47000/214354 (21.93% done)   
processing 48000/214354 (22.39% done)   
processing 49000/214354 (22.86% done)   
processing 50000/214354 (23.33% done)   
processing 51000/214354 (23.79% done)   
processing 52000/214354 (24.26% done)   
processing 53000/214354 (24.73% done)   
processing 54000/214354 (25.19% done)   
processing 55000/214354 (25.66% done)   
processing 56000/214354 (26.13% done)   
processing 57000/214354 (26.59% done)   
processing 58000/214354 (27.06% done)   
processing 59000/214354 (27.52% done)   
processing 60000/214354 (27.99% done)   
processing 61000/214354 (28.46% done)   
processing 62000/214354 (28.92% done)   
processing 63000/214354 (29.39% done)   
processing 64000/214354 (29.86% done)   
processing 65000/214354 (30.32% done)   
processing 66000/214354 (30.79% done)   
processing 67000/214354 (31.26% done)   
processing 68000/214354 (31.72% done)   
processing 69000/214354 (32.19% done)   
processing 70000/214354 (32.66% done)   
processing 71000/214354 (33.12% done)   
processing 72000/214354 (33.59% done)   
processing 73000/214354 (34.06% done)   
processing 74000/214354 (34.52% done)   
processing 75000/214354 (34.99% done)   
processing 76000/214354 (35.46% done)   
processing 77000/214354 (35.92% done)   
processing 78000/214354 (36.39% done)   
processing 79000/214354 (36.85% done)   
processing 80000/214354 (37.32% done)   
processing 81000/214354 (37.79% done)   
processing 82000/214354 (38.25% done)   
processing 83000/214354 (38.72% done)   
processing 84000/214354 (39.19% done)   
processing 85000/214354 (39.65% done)   
processing 86000/214354 (40.12% done)   
processing 87000/214354 (40.59% done)   
processing 88000/214354 (41.05% done)   
processing 89000/214354 (41.52% done)   
processing 90000/214354 (41.99% done)   
processing 91000/214354 (42.45% done)   
processing 92000/214354 (42.92% done)   
processing 93000/214354 (43.39% done)   
processing 94000/214354 (43.85% done)   
processing 95000/214354 (44.32% done)   
processing 96000/214354 (44.79% done)   
processing 97000/214354 (45.25% done)   
processing 98000/214354 (45.72% done)   
processing 99000/214354 (46.19% done)   
processing 100000/214354 (46.65% done)   
processing 101000/214354 (47.12% done)   
processing 102000/214354 (47.58% done)   
processing 103000/214354 (48.05% done)   
processing 104000/214354 (48.52% done)   
processing 105000/214354 (48.98% done)   
processing 106000/214354 (49.45% done)   
processing 107000/214354 (49.92% done)   
processing 108000/214354 (50.38% done)   
processing 109000/214354 (50.85% done)   
processing 110000/214354 (51.32% done)   
processing 111000/214354 (51.78% done)   
processing 112000/214354 (52.25% done)   
processing 113000/214354 (52.72% done)   
processing 114000/214354 (53.18% done)   
processing 115000/214354 (53.65% done)   
processing 116000/214354 (54.12% done)   
processing 117000/214354 (54.58% done)   
processing 118000/214354 (55.05% done)   
processing 119000/214354 (55.52% done)   
processing 120000/214354 (55.98% done)   
processing 121000/214354 (56.45% done)   
processing 122000/214354 (56.92% done)   
processing 123000/214354 (57.38% done)   
processing 124000/214354 (57.85% done)   
processing 125000/214354 (58.31% done)   
processing 126000/214354 (58.78% done)   
processing 127000/214354 (59.25% done)   
processing 128000/214354 (59.71% done)   
processing 129000/214354 (60.18% done)   
processing 130000/214354 (60.65% done)   
processing 131000/214354 (61.11% done)   
processing 132000/214354 (61.58% done)   
processing 133000/214354 (62.05% done)   
processing 134000/214354 (62.51% done)   
processing 135000/214354 (62.98% done)   
processing 136000/214354 (63.45% done)   
processing 137000/214354 (63.91% done)   
processing 138000/214354 (64.38% done)   
processing 139000/214354 (64.85% done)   
processing 140000/214354 (65.31% done)   
processing 141000/214354 (65.78% done)   
processing 142000/214354 (66.25% done)   
processing 143000/214354 (66.71% done)   
processing 144000/214354 (67.18% done)   
processing 145000/214354 (67.65% done)   
processing 146000/214354 (68.11% done)   
processing 147000/214354 (68.58% done)   
processing 148000/214354 (69.04% done)   
processing 149000/214354 (69.51% done)   
processing 150000/214354 (69.98% done)   
processing 151000/214354 (70.44% done)   
processing 152000/214354 (70.91% done)   
processing 153000/214354 (71.38% done)   
processing 154000/214354 (71.84% done)   
processing 155000/214354 (72.31% done)   
processing 156000/214354 (72.78% done)   
processing 157000/214354 (73.24% done)   
processing 158000/214354 (73.71% done)   
processing 159000/214354 (74.18% done)   
processing 160000/214354 (74.64% done)   
processing 161000/214354 (75.11% done)   
processing 162000/214354 (75.58% done)   
processing 163000/214354 (76.04% done)   
processing 164000/214354 (76.51% done)   
processing 165000/214354 (76.98% done)   
processing 166000/214354 (77.44% done)   
processing 167000/214354 (77.91% done)   
processing 168000/214354 (78.38% done)   
processing 169000/214354 (78.84% done)   
processing 170000/214354 (79.31% done)   
processing 171000/214354 (79.77% done)   
processing 172000/214354 (80.24% done)   
processing 173000/214354 (80.71% done)   
processing 174000/214354 (81.17% done)   
processing 175000/214354 (81.64% done)   
processing 176000/214354 (82.11% done)   
processing 177000/214354 (82.57% done)   
processing 178000/214354 (83.04% done)   
processing 179000/214354 (83.51% done)   
processing 180000/214354 (83.97% done)   
processing 181000/214354 (84.44% done)   
processing 182000/214354 (84.91% done)   
processing 183000/214354 (85.37% done)   
processing 184000/214354 (85.84% done)   
processing 185000/214354 (86.31% done)   
processing 186000/214354 (86.77% done)   
processing 187000/214354 (87.24% done)   
processing 188000/214354 (87.71% done)   
processing 189000/214354 (88.17% done)   
processing 190000/214354 (88.64% done)   
processing 191000/214354 (89.10% done)   
processing 192000/214354 (89.57% done)   
processing 193000/214354 (90.04% done)   
processing 194000/214354 (90.50% done)   
processing 195000/214354 (90.97% done)   
processing 196000/214354 (91.44% done)   
processing 197000/214354 (91.90% done)   
processing 198000/214354 (92.37% done)   
processing 199000/214354 (92.84% done)   
processing 200000/214354 (93.30% done)   
processing 201000/214354 (93.77% done)   
processing 202000/214354 (94.24% done)   
processing 203000/214354 (94.70% done)   
processing 204000/214354 (95.17% done)   
processing 205000/214354 (95.64% done)   
processing 206000/214354 (96.10% done)   
processing 207000/214354 (96.57% done)   
processing 208000/214354 (97.04% done)   
processing 209000/214354 (97.50% done)   
processing 210000/214354 (97.97% done)   
processing 211000/214354 (98.44% done)   
processing 212000/214354 (98.90% done)   
processing 213000/214354 (99.37% done)   
processing 214000/214354 (99.83% done)   
top words and their counts:
(388306, '?')
(271905, 'the')
(241086, 'is')
(144699, 'what')
(95234, 'are')
(78724, 'this')
(61712, 'in')
(55381, 'a')
(51269, 'how')
(51049, 'on')
(48986, 'many')
(45837, 'of')
(44115, 'color')
(37053, 'there')
(22189, 'man')
(17565, 'does')
(17139, 'people')
(16122, 'picture')
(14617, "'s")
(13835, 'to')
total words: 2776651
number of bad words: 0/12915 = 0.00%
number of words in vocab would be 12915
number of UNKs: 0/2776651 = 0.00%
inserting the special UNK token
('wrote ', 'data_prepro.h5')
('wrote ', 'data_prepro.json')
